<?xml version="1.0" encoding="UTF-8"?>
<!-- Generated by org.testng.reporters.JUnitXMLReporter -->
<testsuite ignored="0" hostname="DESKTOP-TIC5DM4" failures="0" tests="6" name="Default test" time="6.33" errors="0" timestamp="2024-08-28T22:00:09 IST">
  <testcase classname="mileStone_4.ReqresApitests" name="testGetUsers" time="3.681"/>
  <testcase classname="mileStone_4.ReqresApitests" name="testGetUserByid" time="0.235"/>
  <testcase classname="mileStone_4.ReqresApitests" name="testPostUser" time="0.443"/>
  <testcase classname="mileStone_4.ReqresApitests" name="testUpdateUser" time="0.411"/>
  <testcase classname="mileStone_4.ReqresApitests" name="testDeleteUser" time="0.412"/>
  <testcase classname="mileStone_4.ReqresApitests" name="testPatchUser" time="0.391"/>
</testsuite> <!-- Default test -->
