<?xml version="1.0" encoding="UTF-8"?>
<testng-results ignored="0" total="6" passed="6" failed="0" skipped="0">
  <reporter-output>
  </reporter-output>
  <suite started-at="2024-08-28T22:00:03 IST" name="Default suite" finished-at="2024-08-28T22:00:09 IST" duration-ms="6330">
    <groups>
    </groups>
    <test started-at="2024-08-28T22:00:03 IST" name="Default test" finished-at="2024-08-28T22:00:09 IST" duration-ms="6330">
      <class name="mileStone_4.ReqresApitests">
        <test-method is-config="true" signature="setUp()[pri:0, instance:mileStone_4.ReqresApitests@3349e9bb]" started-at="2024-08-28T22:00:03 IST" name="setUp" finished-at="2024-08-28T22:00:04 IST" duration-ms="663" status="PASS">
          <reporter-output>
          </reporter-output>
        </test-method> <!-- setUp -->
        <test-method signature="testGetUsers()[pri:1, instance:mileStone_4.ReqresApitests@3349e9bb]" started-at="2024-08-28T22:00:04 IST" name="testGetUsers" finished-at="2024-08-28T22:00:07 IST" duration-ms="3681" status="PASS">
          <reporter-output>
          </reporter-output>
        </test-method> <!-- testGetUsers -->
        <test-method signature="testGetUserByid()[pri:2, instance:mileStone_4.ReqresApitests@3349e9bb]" started-at="2024-08-28T22:00:07 IST" name="testGetUserByid" finished-at="2024-08-28T22:00:08 IST" duration-ms="235" status="PASS">
          <reporter-output>
          </reporter-output>
        </test-method> <!-- testGetUserByid -->
        <test-method signature="testPostUser()[pri:3, instance:mileStone_4.ReqresApitests@3349e9bb]" started-at="2024-08-28T22:00:08 IST" name="testPostUser" finished-at="2024-08-28T22:00:08 IST" duration-ms="443" status="PASS">
          <reporter-output>
          </reporter-output>
        </test-method> <!-- testPostUser -->
        <test-method signature="testUpdateUser()[pri:4, instance:mileStone_4.ReqresApitests@3349e9bb]" started-at="2024-08-28T22:00:08 IST" name="testUpdateUser" finished-at="2024-08-28T22:00:08 IST" duration-ms="411" status="PASS">
          <reporter-output>
          </reporter-output>
        </test-method> <!-- testUpdateUser -->
        <test-method signature="testDeleteUser()[pri:5, instance:mileStone_4.ReqresApitests@3349e9bb]" started-at="2024-08-28T22:00:08 IST" name="testDeleteUser" finished-at="2024-08-28T22:00:09 IST" duration-ms="412" status="PASS">
          <reporter-output>
          </reporter-output>
        </test-method> <!-- testDeleteUser -->
        <test-method signature="testPatchUser()[pri:6, instance:mileStone_4.ReqresApitests@3349e9bb]" started-at="2024-08-28T22:00:09 IST" name="testPatchUser" finished-at="2024-08-28T22:00:09 IST" duration-ms="391" status="PASS">
          <reporter-output>
          </reporter-output>
        </test-method> <!-- testPatchUser -->
      </class> <!-- mileStone_4.ReqresApitests -->
    </test> <!-- Default test -->
  </suite> <!-- Default suite -->
</testng-results>
